build/app/intermediates/manifest_merge_blame_file/release/manifest-merger-blame-release-report.txt
1<?xml version="1.0" encoding="utf-8"?>
2<manifest xmlns:android="http://schemas.android.com/apk/res/android"
3    package="com.inspireui.fluxstore"
4    android:versionCode="7000"
5    android:versionName="11.0.0" >
6
7    <uses-sdk
8        android:minSdkVersion="21"
8-->src\main\AndroidManifest.xml
9        android:targetSdkVersion="33" />
9-->src\main\AndroidManifest.xml
10
11    <uses-permission android:name="android.permission.INTERNET" />
11-->src\main\AndroidManifest.xml:4:5-67
11-->src\main\AndroidManifest.xml:4:22-64
12    <uses-permission android:name="android.permission.ACCESS_FINE_LOCATION" />
12-->src\main\AndroidManifest.xml:5:5-79
12-->src\main\AndroidManifest.xml:5:22-76
13    <uses-permission android:name="android.permission.ACCESS_COARSE_LOCATION" />
13-->src\main\AndroidManifest.xml:6:5-81
13-->src\main\AndroidManifest.xml:6:22-78
14    <uses-permission android:name="android.permission.ACCESS_NETWORK_STATE" />
14-->src\main\AndroidManifest.xml:7:5-79
14-->src\main\AndroidManifest.xml:7:22-76
15    <uses-permission android:name="android.permission.WAKE_LOCK" />
15-->src\main\AndroidManifest.xml:8:5-68
15-->src\main\AndroidManifest.xml:8:22-65
16    <uses-permission android:name="android.permission.FOREGROUND_SERVICE" />
16-->src\main\AndroidManifest.xml:9:5-77
16-->src\main\AndroidManifest.xml:9:22-74
17
18    <!-- Use for showing notification -->
19    <uses-permission android:name="android.permission.POST_NOTIFICATIONS" />
19-->src\main\AndroidManifest.xml:12:5-76
19-->src\main\AndroidManifest.xml:12:22-74
20
21    <!-- Use for take photo and photo gallery feature -->
22    <uses-permission android:name="android.permission.CAMERA" />
22-->src\main\AndroidManifest.xml:16:5-65
22-->src\main\AndroidManifest.xml:16:22-62
23    <uses-permission android:name="android.permission.READ_EXTERNAL_STORAGE" />
23-->src\main\AndroidManifest.xml:17:5-80
23-->src\main\AndroidManifest.xml:17:22-77
24
25    <!-- Use for printer POS feature -->
26    <!-- <uses-permission android:name="android.permission.BLUETOOTH" /> -->
27    <!-- <uses-permission android:name="android.permission.BLUETOOTH_ADMIN" /> -->
28
29
30    <!-- Use for SmartChat feature -->
31    <queries>
31-->src\main\AndroidManifest.xml:24:5-67:15
32        <provider android:authorities="com.facebook.katana.provider.PlatformProvider" />
32-->src\main\AndroidManifest.xml:25:9-89
32-->src\main\AndroidManifest.xml:25:19-86
33
34        <intent>
34-->src\main\AndroidManifest.xml:27:9-30:18
35            <action android:name="android.intent.action.VIEW" />
35-->src\main\AndroidManifest.xml:28:13-65
35-->src\main\AndroidManifest.xml:28:21-62
36
37            <data android:scheme="https" />
37-->src\main\AndroidManifest.xml:29:19-41
38        </intent>
39        <intent>
39-->src\main\AndroidManifest.xml:31:9-34:18
40            <action android:name="android.intent.action.DIAL" />
40-->src\main\AndroidManifest.xml:32:13-65
40-->src\main\AndroidManifest.xml:32:21-62
41
42            <data android:scheme="tel" />
42-->src\main\AndroidManifest.xml:29:19-41
43        </intent>
44        <intent>
44-->src\main\AndroidManifest.xml:35:9-38:18
45            <action android:name="android.intent.action.SENDTO" />
45-->src\main\AndroidManifest.xml:36:13-67
45-->src\main\AndroidManifest.xml:36:21-64
46
47            <data android:scheme="smsto" />
47-->src\main\AndroidManifest.xml:29:19-41
48        </intent>
49        <intent>
49-->src\main\AndroidManifest.xml:39:9-42:18
50            <action android:name="android.intent.action.SEND" />
50-->src\main\AndroidManifest.xml:40:13-65
50-->src\main\AndroidManifest.xml:40:21-62
51
52            <data android:mimeType="*/*" />
52-->src\main\AndroidManifest.xml:41:19-41
53        </intent>
54        <intent>
54-->src\main\AndroidManifest.xml:43:9-46:18
55            <action android:name="android.intent.action.VIEW" />
55-->src\main\AndroidManifest.xml:28:13-65
55-->src\main\AndroidManifest.xml:28:21-62
56
57            <data android:scheme="whatsapp" />
57-->src\main\AndroidManifest.xml:29:19-41
58        </intent>
59        <intent>
59-->src\main\AndroidManifest.xml:47:9-50:18
60            <action android:name="android.intent.action.VIEW" />
60-->src\main\AndroidManifest.xml:28:13-65
60-->src\main\AndroidManifest.xml:28:21-62
61
62            <data android:scheme="instagram" />
62-->src\main\AndroidManifest.xml:29:19-41
63        </intent>
64        <intent>
64-->src\main\AndroidManifest.xml:51:9-54:18
65            <action android:name="android.intent.action.VIEW" />
65-->src\main\AndroidManifest.xml:28:13-65
65-->src\main\AndroidManifest.xml:28:21-62
66
67            <data android:scheme="instagram-stories" />
67-->src\main\AndroidManifest.xml:29:19-41
68        </intent>
69        <intent>
69-->src\main\AndroidManifest.xml:55:9-58:18
70            <action android:name="android.intent.action.VIEW" />
70-->src\main\AndroidManifest.xml:28:13-65
70-->src\main\AndroidManifest.xml:28:21-62
71
72            <data android:scheme="twitter" />
72-->src\main\AndroidManifest.xml:29:19-41
73        </intent>
74        <intent>
74-->src\main\AndroidManifest.xml:59:9-62:18
75            <action android:name="android.intent.action.VIEW" />
75-->src\main\AndroidManifest.xml:28:13-65
75-->src\main\AndroidManifest.xml:28:21-62
76
77            <data android:scheme="fb" />
77-->src\main\AndroidManifest.xml:29:19-41
78        </intent>
79        <intent>
79-->src\main\AndroidManifest.xml:63:9-66:18
80            <action android:name="android.intent.action.VIEW" />
80-->src\main\AndroidManifest.xml:28:13-65
80-->src\main\AndroidManifest.xml:28:21-62
81
82            <data android:scheme="tg" />
82-->src\main\AndroidManifest.xml:29:19-41
83        </intent>
84        <intent>
84-->[:file_picker] AndroidManifest.xml:12:9-16:18
85            <action android:name="android.intent.action.GET_CONTENT" />
85-->[:file_picker] AndroidManifest.xml:13:13-72
85-->[:file_picker] AndroidManifest.xml:13:21-69
86
87            <data android:mimeType="*/*" />
87-->src\main\AndroidManifest.xml:41:19-41
88        </intent>
89        <intent>
89-->[:flutter_inappwebview] AndroidManifest.xml:10:9-12:18
90            <action android:name="android.support.customtabs.action.CustomTabsService" />
90-->[:flutter_inappwebview] AndroidManifest.xml:11:13-90
90-->[:flutter_inappwebview] AndroidManifest.xml:11:21-87
91        </intent>
92        <intent>
92-->[com.razorpay:checkout:1.6.29] AndroidManifest.xml:13:9-19:18
93            <action android:name="android.intent.action.VIEW" />
93-->src\main\AndroidManifest.xml:28:13-65
93-->src\main\AndroidManifest.xml:28:21-62
94
95            <data
96                android:mimeType="*/*"
96-->src\main\AndroidManifest.xml:41:19-41
97                android:scheme="*" />
97-->src\main\AndroidManifest.xml:29:19-41
98        </intent>
99        <intent>
99-->[com.razorpay:checkout:1.6.29] AndroidManifest.xml:20:9-29:18
100            <action android:name="android.intent.action.VIEW" />
100-->src\main\AndroidManifest.xml:28:13-65
100-->src\main\AndroidManifest.xml:28:21-62
101
102            <category android:name="android.intent.category.BROWSABLE" />
102-->src\main\AndroidManifest.xml:113:17-78
102-->src\main\AndroidManifest.xml:113:27-75
103
104            <data
105                android:host="pay"
105-->src\main\AndroidManifest.xml:116:21-52
106                android:mimeType="*/*"
106-->src\main\AndroidManifest.xml:41:19-41
107                android:scheme="upi" />
107-->src\main\AndroidManifest.xml:29:19-41
108        </intent>
109        <intent>
109-->[com.razorpay:checkout:1.6.29] AndroidManifest.xml:30:9-32:18
110            <action android:name="android.intent.action.MAIN" />
110-->src\main\AndroidManifest.xml:97:17-69
110-->src\main\AndroidManifest.xml:97:25-66
111        </intent>
112        <intent>
112-->[com.razorpay:checkout:1.6.29] AndroidManifest.xml:38:9-40:18
113            <action android:name="rzp.device_token.share" />
113-->[com.razorpay:checkout:1.6.29] AndroidManifest.xml:39:13-61
113-->[com.razorpay:checkout:1.6.29] AndroidManifest.xml:39:21-58
114        </intent> <!-- Needs to be explicitly declared on Android R+ -->
115        <package android:name="com.google.android.apps.maps" /> <!-- Specific apps you interact with, eg: -->
115-->[com.google.android.gms:play-services-maps:18.1.0] AndroidManifest.xml:33:9-64
115-->[com.google.android.gms:play-services-maps:18.1.0] AndroidManifest.xml:33:18-61
116        <package android:name="com.paytm.pgsdk.TransactionManager.PAYTM_APP_PACKAGE" />
116-->[com.paytm.appinvokesdk:appinvokesdk:1.6.13] AndroidManifest.xml:12:9-88
116-->[com.paytm.appinvokesdk:appinvokesdk:1.6.13] AndroidManifest.xml:12:18-85
117        <package android:name="com.facebook.katana" /> <!-- For browser content -->
117-->[com.facebook.android:facebook-common:15.0.2] AndroidManifest.xml:30:9-55
117-->[com.facebook.android:facebook-common:15.0.2] AndroidManifest.xml:30:18-52
118        <intent>
118-->[com.google.android.gms:play-services-ads-lite:21.3.0] AndroidManifest.xml:31:9-37:18
119            <action android:name="android.intent.action.VIEW" />
119-->src\main\AndroidManifest.xml:28:13-65
119-->src\main\AndroidManifest.xml:28:21-62
120
121            <category android:name="android.intent.category.BROWSABLE" />
121-->src\main\AndroidManifest.xml:113:17-78
121-->src\main\AndroidManifest.xml:113:27-75
122
123            <data android:scheme="https" />
123-->src\main\AndroidManifest.xml:29:19-41
124        </intent>
125    </queries>
126
127    <uses-permission android:name="android.permission.RECEIVE_BOOT_COMPLETED" />
127-->[:flutter_local_notifications] AndroidManifest.xml:9:5-81
127-->[:flutter_local_notifications] AndroidManifest.xml:9:22-78
128    <uses-permission android:name="android.permission.VIBRATE" />
128-->[:flutter_local_notifications] AndroidManifest.xml:10:5-66
128-->[:flutter_local_notifications] AndroidManifest.xml:10:22-63
129    <uses-permission android:name="android.permission.USE_FULL_SCREEN_INTENT" />
129-->[:flutter_local_notifications] AndroidManifest.xml:11:5-81
129-->[:flutter_local_notifications] AndroidManifest.xml:11:22-78
130    <uses-permission android:name="android.permission.SCHEDULE_EXACT_ALARM" /> <!-- Create a unique permission for your app and use it so only your app can receive your OneSignal messages. -->
130-->[:flutter_local_notifications] AndroidManifest.xml:12:5-79
130-->[:flutter_local_notifications] AndroidManifest.xml:12:22-76
131    <permission
131-->[com.onesignal:OneSignal:4.8.2] AndroidManifest.xml:7:5-9:47
132        android:name="com.inspireui.fluxstore.permission.C2D_MESSAGE"
132-->[com.onesignal:OneSignal:4.8.2] AndroidManifest.xml:8:9-63
133        android:protectionLevel="signature" />
133-->[com.onesignal:OneSignal:4.8.2] AndroidManifest.xml:9:9-44
134
135    <uses-permission android:name="com.inspireui.fluxstore.permission.C2D_MESSAGE" /> <!-- c2dm RECEIVE are basic requirements for push messages through Google's FCM -->
135-->[com.onesignal:OneSignal:4.8.2] AndroidManifest.xml:11:5-79
135-->[com.onesignal:OneSignal:4.8.2] AndroidManifest.xml:11:22-76
136    <uses-permission android:name="com.google.android.c2dm.permission.RECEIVE" /> <!-- START: ShortcutBadger -->
136-->[com.onesignal:OneSignal:4.8.2] AndroidManifest.xml:18:5-82
136-->[com.onesignal:OneSignal:4.8.2] AndroidManifest.xml:18:22-79
137    <!-- Samsung -->
138    <uses-permission android:name="com.sec.android.provider.badge.permission.READ" />
138-->[com.onesignal:OneSignal:4.8.2] AndroidManifest.xml:32:5-86
138-->[com.onesignal:OneSignal:4.8.2] AndroidManifest.xml:32:22-83
139    <uses-permission android:name="com.sec.android.provider.badge.permission.WRITE" /> <!-- HTC -->
139-->[com.onesignal:OneSignal:4.8.2] AndroidManifest.xml:33:5-87
139-->[com.onesignal:OneSignal:4.8.2] AndroidManifest.xml:33:22-84
140    <uses-permission android:name="com.htc.launcher.permission.READ_SETTINGS" />
140-->[com.onesignal:OneSignal:4.8.2] AndroidManifest.xml:34:5-81
140-->[com.onesignal:OneSignal:4.8.2] AndroidManifest.xml:34:22-78
141    <uses-permission android:name="com.htc.launcher.permission.UPDATE_SHORTCUT" /> <!-- Sony -->
141-->[com.onesignal:OneSignal:4.8.2] AndroidManifest.xml:35:5-83
141-->[com.onesignal:OneSignal:4.8.2] AndroidManifest.xml:35:22-80
142    <uses-permission android:name="com.sonyericsson.home.permission.BROADCAST_BADGE" />
142-->[com.onesignal:OneSignal:4.8.2] AndroidManifest.xml:36:5-88
142-->[com.onesignal:OneSignal:4.8.2] AndroidManifest.xml:36:22-85
143    <uses-permission android:name="com.sonymobile.home.permission.PROVIDER_INSERT_BADGE" /> <!-- Apex -->
143-->[com.onesignal:OneSignal:4.8.2] AndroidManifest.xml:37:5-92
143-->[com.onesignal:OneSignal:4.8.2] AndroidManifest.xml:37:22-89
144    <uses-permission android:name="com.anddoes.launcher.permission.UPDATE_COUNT" /> <!-- Solid -->
144-->[com.onesignal:OneSignal:4.8.2] AndroidManifest.xml:38:5-84
144-->[com.onesignal:OneSignal:4.8.2] AndroidManifest.xml:38:22-81
145    <uses-permission android:name="com.majeur.launcher.permission.UPDATE_BADGE" /> <!-- Huawei -->
145-->[com.onesignal:OneSignal:4.8.2] AndroidManifest.xml:39:5-83
145-->[com.onesignal:OneSignal:4.8.2] AndroidManifest.xml:39:22-80
146    <uses-permission android:name="com.huawei.android.launcher.permission.CHANGE_BADGE" />
146-->[com.onesignal:OneSignal:4.8.2] AndroidManifest.xml:40:5-91
146-->[com.onesignal:OneSignal:4.8.2] AndroidManifest.xml:40:22-88
147    <uses-permission android:name="com.huawei.android.launcher.permission.READ_SETTINGS" />
147-->[com.onesignal:OneSignal:4.8.2] AndroidManifest.xml:41:5-92
147-->[com.onesignal:OneSignal:4.8.2] AndroidManifest.xml:41:22-89
148    <uses-permission android:name="com.huawei.android.launcher.permission.WRITE_SETTINGS" /> <!-- ZUK -->
148-->[com.onesignal:OneSignal:4.8.2] AndroidManifest.xml:42:5-93
148-->[com.onesignal:OneSignal:4.8.2] AndroidManifest.xml:42:22-90
149    <uses-permission android:name="android.permission.READ_APP_BADGE" /> <!-- OPPO -->
149-->[com.onesignal:OneSignal:4.8.2] AndroidManifest.xml:43:5-73
149-->[com.onesignal:OneSignal:4.8.2] AndroidManifest.xml:43:22-70
150    <uses-permission android:name="com.oppo.launcher.permission.READ_SETTINGS" />
150-->[com.onesignal:OneSignal:4.8.2] AndroidManifest.xml:44:5-82
150-->[com.onesignal:OneSignal:4.8.2] AndroidManifest.xml:44:22-79
151    <uses-permission android:name="com.oppo.launcher.permission.WRITE_SETTINGS" /> <!-- EvMe -->
151-->[com.onesignal:OneSignal:4.8.2] AndroidManifest.xml:45:5-83
151-->[com.onesignal:OneSignal:4.8.2] AndroidManifest.xml:45:22-80
152    <uses-permission android:name="me.everything.badger.permission.BADGE_COUNT_READ" />
152-->[com.onesignal:OneSignal:4.8.2] AndroidManifest.xml:46:5-88
152-->[com.onesignal:OneSignal:4.8.2] AndroidManifest.xml:46:22-85
153    <uses-permission android:name="me.everything.badger.permission.BADGE_COUNT_WRITE" />
153-->[com.onesignal:OneSignal:4.8.2] AndroidManifest.xml:47:5-89
153-->[com.onesignal:OneSignal:4.8.2] AndroidManifest.xml:47:22-86
154
155    <uses-feature
155-->[com.google.android.gms:play-services-maps:18.1.0] AndroidManifest.xml:26:5-28:35
156        android:glEsVersion="0x00020000"
156-->[com.google.android.gms:play-services-maps:18.1.0] AndroidManifest.xml:27:9-41
157        android:required="true" />
157-->[com.google.android.gms:play-services-maps:18.1.0] AndroidManifest.xml:28:9-32
158
159    <uses-permission android:name="android.permission.READ_PHONE_STATE" />
159-->[com.paytm.easypay:easypay-appinvoke:1.7.4] AndroidManifest.xml:10:5-75
159-->[com.paytm.easypay:easypay-appinvoke:1.7.4] AndroidManifest.xml:10:22-72
160    <uses-permission android:name="com.google.android.gms.permission.AD_ID" />
160-->[com.google.android.gms:play-services-measurement-api:21.2.0] AndroidManifest.xml:25:5-79
160-->[com.google.android.gms:play-services-measurement-api:21.2.0] AndroidManifest.xml:25:22-76
161    <uses-permission android:name="com.google.android.finsky.permission.BIND_GET_INSTALL_REFERRER_SERVICE" /> <!-- Don't require camera, as this requires a rear camera. This allows it to work on the Nexus 7 -->
161-->[com.google.android.gms:play-services-measurement:21.2.0] AndroidManifest.xml:26:5-110
161-->[com.google.android.gms:play-services-measurement:21.2.0] AndroidManifest.xml:26:22-107
162    <uses-feature
162-->[com.journeyapps:zxing-android-embedded:4.3.0] AndroidManifest.xml:25:5-27:36
163        android:name="android.hardware.camera"
163-->[com.journeyapps:zxing-android-embedded:4.3.0] AndroidManifest.xml:26:9-47
164        android:required="false" />
164-->[com.journeyapps:zxing-android-embedded:4.3.0] AndroidManifest.xml:27:9-33
165    <uses-feature
165-->[com.journeyapps:zxing-android-embedded:4.3.0] AndroidManifest.xml:28:5-30:36
166        android:name="android.hardware.camera.front"
166-->[com.journeyapps:zxing-android-embedded:4.3.0] AndroidManifest.xml:29:9-53
167        android:required="false" /> <!-- TODO replace above two with next line after Android 4.2 -->
167-->[com.journeyapps:zxing-android-embedded:4.3.0] AndroidManifest.xml:30:9-33
168    <!-- <uses-feature android:name="android.hardware.camera.any"/> -->
169    <uses-feature
169-->[com.journeyapps:zxing-android-embedded:4.3.0] AndroidManifest.xml:33:5-35:36
170        android:name="android.hardware.camera.autofocus"
170-->[com.journeyapps:zxing-android-embedded:4.3.0] AndroidManifest.xml:34:9-57
171        android:required="false" />
171-->[com.journeyapps:zxing-android-embedded:4.3.0] AndroidManifest.xml:35:9-33
172    <uses-feature
172-->[com.journeyapps:zxing-android-embedded:4.3.0] AndroidManifest.xml:36:5-38:36
173        android:name="android.hardware.camera.flash"
173-->[com.journeyapps:zxing-android-embedded:4.3.0] AndroidManifest.xml:37:9-53
174        android:required="false" />
174-->[com.journeyapps:zxing-android-embedded:4.3.0] AndroidManifest.xml:38:9-33
175    <uses-feature
175-->[com.journeyapps:zxing-android-embedded:4.3.0] AndroidManifest.xml:39:5-41:36
176        android:name="android.hardware.screen.landscape"
176-->[com.journeyapps:zxing-android-embedded:4.3.0] AndroidManifest.xml:40:9-57
177        android:required="false" />
177-->[com.journeyapps:zxing-android-embedded:4.3.0] AndroidManifest.xml:41:9-33
178    <uses-feature
178-->[com.journeyapps:zxing-android-embedded:4.3.0] AndroidManifest.xml:42:5-44:36
179        android:name="android.hardware.wifi"
179-->[com.journeyapps:zxing-android-embedded:4.3.0] AndroidManifest.xml:43:9-45
180        android:required="false" />
180-->[com.journeyapps:zxing-android-embedded:4.3.0] AndroidManifest.xml:44:9-33
181
182    <application
183        android:name="android.app.Application"
183-->src\main\AndroidManifest.xml:70:9-42
184        android:appComponentFactory="androidx.core.app.CoreComponentFactory"
184-->[androidx.core:core:1.8.0] AndroidManifest.xml:24:18-86
185        android:dataExtractionRules="@xml/data_extraction_rules"
185-->src\main\AndroidManifest.xml:75:9-65
186        android:fullBackupContent="@xml/backup_rules"
186-->src\main\AndroidManifest.xml:74:9-54
187        android:icon="@mipmap/launcher_icon"
187-->src\main\AndroidManifest.xml:71:9-45
188        android:label="@string/app_name"
188-->src\main\AndroidManifest.xml:72:9-41
189        android:requestLegacyExternalStorage="true"
189-->src\main\AndroidManifest.xml:73:9-52
190        android:supportsRtl="true"
190-->[com.facebook.android:facebook-login:15.0.2] AndroidManifest.xml:28:18-44
191        android:usesCleartextTraffic="true" >
191-->src\main\AndroidManifest.xml:76:9-44
192        <activity
192-->src\main\AndroidManifest.xml:79:9-131:20
193            android:name="com.inspireui.fluxstore.MainActivity"
193-->src\main\AndroidManifest.xml:80:13-41
194            android:configChanges="orientation|keyboardHidden|keyboard|screenSize|smallestScreenSize|locale|layoutDirection|fontScale|screenLayout|density|uiMode"
194-->src\main\AndroidManifest.xml:81:13-163
195            android:exported="true"
195-->src\main\AndroidManifest.xml:82:13-36
196            android:hardwareAccelerated="true"
196-->src\main\AndroidManifest.xml:83:13-47
197            android:launchMode="singleTop"
197-->src\main\AndroidManifest.xml:84:13-43
198            android:theme="@style/LaunchTheme"
198-->src\main\AndroidManifest.xml:85:13-47
199            android:windowSoftInputMode="adjustResize" >
199-->src\main\AndroidManifest.xml:86:13-55
200
201            <!--
202                 Specifies an Android theme to apply to this Activity as soon as
203                 the Android process has started. This theme is visible to the user
204                 while the Flutter UI initializes. After that, this theme continues
205                 to determine the Window background behind the Flutter UI.
206            -->
207            <meta-data
207-->src\main\AndroidManifest.xml:92:13-94:57
208                android:name="io.flutter.embedding.android.NormalTheme"
208-->src\main\AndroidManifest.xml:93:17-72
209                android:resource="@style/NormalTheme" />
209-->src\main\AndroidManifest.xml:94:17-54
210
211            <intent-filter>
211-->src\main\AndroidManifest.xml:96:13-99:29
212                <action android:name="android.intent.action.MAIN" />
212-->src\main\AndroidManifest.xml:97:17-69
212-->src\main\AndroidManifest.xml:97:25-66
213
214                <category android:name="android.intent.category.LAUNCHER" />
214-->src\main\AndroidManifest.xml:98:17-77
214-->src\main\AndroidManifest.xml:98:27-74
215            </intent-filter>
216            <intent-filter>
216-->src\main\AndroidManifest.xml:100:13-103:29
217                <action android:name="FLUTTER_NOTIFICATION_CLICK" />
217-->src\main\AndroidManifest.xml:101:17-69
217-->src\main\AndroidManifest.xml:101:25-66
218
219                <category android:name="android.intent.category.DEFAULT" />
219-->src\main\AndroidManifest.xml:102:17-76
219-->src\main\AndroidManifest.xml:102:27-73
220            </intent-filter>
221
222            <meta-data
223                android:name="default-url"
223-->src\main\AndroidManifest.xml:106:17-43
224                android:value="https://inspireui.com" />
224-->src\main\AndroidManifest.xml:107:17-46
225
226            <intent-filter android:autoVerify="true" >
226-->src\main\AndroidManifest.xml:109:13-119:29
226-->src\main\AndroidManifest.xml:109:28-53
227                <action android:name="android.intent.action.VIEW" />
227-->src\main\AndroidManifest.xml:28:13-65
227-->src\main\AndroidManifest.xml:28:21-62
228
229                <category android:name="android.intent.category.DEFAULT" />
229-->src\main\AndroidManifest.xml:102:17-76
229-->src\main\AndroidManifest.xml:102:27-73
230                <category android:name="android.intent.category.BROWSABLE" />
230-->src\main\AndroidManifest.xml:113:17-78
230-->src\main\AndroidManifest.xml:113:27-75
231
232                <data
233                    android:host="inspireui.com"
233-->src\main\AndroidManifest.xml:116:21-52
234                    android:scheme="https" />
234-->src\main\AndroidManifest.xml:29:19-41
235                <data android:scheme="http" />
235-->src\main\AndroidManifest.xml:29:19-41
236            </intent-filter>
237            <intent-filter>
237-->src\main\AndroidManifest.xml:121:13-130:29
238                <action android:name="android.intent.action.VIEW" />
238-->src\main\AndroidManifest.xml:28:13-65
238-->src\main\AndroidManifest.xml:28:21-62
239
240                <category android:name="android.intent.category.DEFAULT" />
240-->src\main\AndroidManifest.xml:102:17-76
240-->src\main\AndroidManifest.xml:102:27-73
241                <category android:name="android.intent.category.BROWSABLE" />
241-->src\main\AndroidManifest.xml:113:17-78
241-->src\main\AndroidManifest.xml:113:27-75
242
243                <data
244                    android:host="inspireui.com"
244-->src\main\AndroidManifest.xml:116:21-52
245                    android:scheme="fluxstore" />
245-->src\main\AndroidManifest.xml:29:19-41
246            </intent-filter>
247        </activity>
248
249        <meta-data
249-->src\main\AndroidManifest.xml:133:9-135:36
250            android:name="com.google.android.gms.wallet.api.enabled"
250-->src\main\AndroidManifest.xml:134:13-69
251            android:value="true" />
251-->src\main\AndroidManifest.xml:135:13-33
252        <meta-data
252-->src\main\AndroidManifest.xml:137:9-139:71
253            android:name="com.google.firebase.messaging.default_notification_channel_id"
253-->src\main\AndroidManifest.xml:138:13-89
254            android:value="@string/default_notification_channel_id" />
254-->src\main\AndroidManifest.xml:139:13-68
255        <meta-data
255-->src\main\AndroidManifest.xml:141:9-143:49
256            android:name="com.google.firebase.messaging.default_notification_icon"
256-->src\main\AndroidManifest.xml:142:13-83
257            android:resource="@drawable/logo" />
257-->src\main\AndroidManifest.xml:143:13-46
258        <!--
259             Set color used with incoming notification messages. This is used when no color is set for the incoming
260            notification message. See README(https://goo.gl/6BKBk7) for more.
261        -->
262        <meta-data
262-->src\main\AndroidManifest.xml:146:9-148:51
263            android:name="com.google.firebase.messaging.default_notification_color"
263-->src\main\AndroidManifest.xml:147:13-84
264            android:resource="@color/notiColor" />
264-->src\main\AndroidManifest.xml:148:13-48
265        <!-- Google map and Admod setup -->
266        <meta-data
267            android:name="com.google.android.geo.API_KEY"
267-->src\main\AndroidManifest.xml:151:13-58
268            android:value="AIzaSyDSNYVC-8DU9BTcyqkeN9c5pgVhwOBAvGg" />
268-->src\main\AndroidManifest.xml:152:13-51
269        <meta-data
270            android:name="com.google.android.gms.ads.APPLICATION_ID"
270-->src\main\AndroidManifest.xml:154:13-69
271            android:value="ca-app-pub-7432665165146018~2664444130" />
271-->src\main\AndroidManifest.xml:155:13-49
272
273        <!-- Facebook Login configuration -->
274        <meta-data
274-->src\main\AndroidManifest.xml:158:9-160:53
275            android:name="com.facebook.sdk.ApplicationId"
275-->src\main\AndroidManifest.xml:159:13-58
276            android:value="@string/facebookAppId" />
276-->src\main\AndroidManifest.xml:160:13-50
277        <meta-data
278            android:name="com.facebook.sdk.ClientToken"
278-->src\main\AndroidManifest.xml:163:13-56
279            android:value="9def0493cb40104fa311ee9e1086d264" />
279-->src\main\AndroidManifest.xml:164:13-51
280        <meta-data
281            android:name="com.inspireui.ENVATO_PURCHASE_CODE"
281-->src\main\AndroidManifest.xml:167:17-66
282            android:value="put-your-envato-purchase-code-here" />
282-->src\main\AndroidManifest.xml:168:17-54
283
284        <!-- Enable to support Audio Feature -->
285        <!-- <service -->
286        <!-- android:name="com.ryanheise.audioservice.AudioService" -->
287        <!-- android:exported="true"> -->
288        <!-- <intent-filter> -->
289        <!-- <action android:name="android.media.browse.MediaBrowserService" /> -->
290        <!-- </intent-filter> -->
291        <!-- </service> -->
292
293
294        <!-- <receiver -->
295        <!-- android:name="com.ryanheise.audioservice.MediaButtonReceiver" -->
296        <!-- android:exported="true"> -->
297        <!-- <intent-filter> -->
298        <!-- <action android:name="android.intent.action.MEDIA_BUTTON" /> -->
299        <!-- </intent-filter> -->
300        <!-- </receiver> -->
301
302
303        <!--
304             Don't delete the meta-data below.
305             This is used by the Flutter tool to generate GeneratedPluginRegistrant.java
306        -->
307        <meta-data
307-->src\main\AndroidManifest.xml:189:9-191:33
308            android:name="flutterEmbedding"
308-->src\main\AndroidManifest.xml:190:13-44
309            android:value="2" />
309-->src\main\AndroidManifest.xml:191:13-30
310
311        <service
311-->[:firebase_messaging] AndroidManifest.xml:16:9-19:72
312            android:name="io.flutter.plugins.firebase.messaging.FlutterFirebaseMessagingBackgroundService"
312-->[:firebase_messaging] AndroidManifest.xml:17:13-107
313            android:exported="false"
313-->[:firebase_messaging] AndroidManifest.xml:18:13-37
314            android:permission="android.permission.BIND_JOB_SERVICE" />
314-->[:firebase_messaging] AndroidManifest.xml:19:13-69
315        <service
315-->[:firebase_messaging] AndroidManifest.xml:20:9-26:19
316            android:name="io.flutter.plugins.firebase.messaging.FlutterFirebaseMessagingService"
316-->[:firebase_messaging] AndroidManifest.xml:21:13-97
317            android:exported="false" >
317-->[:firebase_messaging] AndroidManifest.xml:22:13-37
318            <intent-filter>
318-->[:firebase_messaging] AndroidManifest.xml:23:13-25:29
319                <action android:name="com.google.firebase.MESSAGING_EVENT" />
319-->[:firebase_messaging] AndroidManifest.xml:24:17-78
319-->[:firebase_messaging] AndroidManifest.xml:24:25-75
320            </intent-filter>
321        </service>
322
323        <receiver
323-->[:firebase_messaging] AndroidManifest.xml:28:9-35:20
324            android:name="io.flutter.plugins.firebase.messaging.FlutterFirebaseMessagingReceiver"
324-->[:firebase_messaging] AndroidManifest.xml:29:13-98
325            android:exported="true"
325-->[:firebase_messaging] AndroidManifest.xml:30:13-36
326            android:permission="com.google.android.c2dm.permission.SEND" >
326-->[:firebase_messaging] AndroidManifest.xml:31:13-73
327            <intent-filter>
327-->[:firebase_messaging] AndroidManifest.xml:32:13-34:29
328                <action android:name="com.google.android.c2dm.intent.RECEIVE" />
328-->[:firebase_messaging] AndroidManifest.xml:33:17-81